Using pre-set license
Built from '2020.3/staging' branch; Version is '2020.3.9f1 (108be757e447) revision 1084391'; Using compiler version '192528614'; Build Type 'Release'
OS: 'Windows 10 Home Single Language; OS build 19043.1165; Version 2009; 64bit' Language: 'ru' Physical Memory: 8050 MB
BatchMode: 1, IsHumanControllingUs: 0, StartBugReporterOnCrash: 0, Is64bit: 1, IsPro: 0

 COMMAND LINE ARGUMENTS:
C:\Program Files\Unity\Hub\Editor\2020.3.9f1\Editor\Unity.exe
-adb2
-batchMode
-noUpm
-name
AssetImportWorker0
-projectPath
C:/Users/eneug/Desktop/Cup-Puzzle
-logFile
Logs/AssetImportWorker0.log
-srvPort
64243
Successfully changed project path to: C:/Users/eneug/Desktop/Cup-Puzzle
C:/Users/eneug/Desktop/Cup-Puzzle
Using Asset Import Pipeline V2.
Unable to join player connection multicast group.

Unable to join player connection alternative multicast group.

Refreshing native plugins compatible for Editor in 283.25 ms, found 4 plugins.
Preloading 0 native plugins for Editor in 0.00 ms.
Initialize engine version: 2020.3.9f1 (108be757e447)
[Subsystems] Discovering subsystems at path C:/Program Files/Unity/Hub/Editor/2020.3.9f1/Editor/Data/Resources/UnitySubsystems
[Subsystems] Discovering subsystems at path C:/Users/eneug/Desktop/Cup-Puzzle/Assets
GfxDevice: creating device client; threaded=0
Direct3D:
    Version:  Direct3D 11.0 [level 11.1]
    Renderer: NVIDIA GeForce GTX 1050 (ID=0x1c8d)
    Vendor:   
    VRAM:     4021 MB
    Driver:   27.21.14.5671
Initialize mono
Mono path[0] = 'C:/Program Files/Unity/Hub/Editor/2020.3.9f1/Editor/Data/Managed'
Mono path[1] = 'C:/Program Files/Unity/Hub/Editor/2020.3.9f1/Editor/Data/MonoBleedingEdge/lib/mono/unityjit'
Mono config path = 'C:/Program Files/Unity/Hub/Editor/2020.3.9f1/Editor/Data/MonoBleedingEdge/etc'
Using monoOptions --debugger-agent=transport=dt_socket,embedding=1,server=y,suspend=n,address=127.0.0.1:56192
Begin MonoManager ReloadAssembly
Registering precompiled unity dll's ...
Register platform support module: C:/Program Files/Unity/Hub/Editor/2020.3.9f1/Editor/Data/PlaybackEngines/WebGLSupport/UnityEditor.WebGL.Extensions.dll
Register platform support module: C:/Program Files/Unity/Hub/Editor/2020.3.9f1/Editor/Data/PlaybackEngines/WindowsStandaloneSupport/UnityEditor.WindowsStandalone.Extensions.dll
Registered in 0.004339 seconds.
Native extension for WindowsStandalone target not found
Native extension for WebGL target not found
Refreshing native plugins compatible for Editor in 152.50 ms, found 4 plugins.
Preloading 0 native plugins for Editor in 0.00 ms.
Mono: successfully reloaded assembly
- Completed reload, in  4.842 seconds
Platform modules already initialized, skipping
Registering precompiled user dll's ...
Registered in 0.036401 seconds.
Begin MonoManager ReloadAssembly
Native extension for WindowsStandalone target not found
Native extension for WebGL target not found
Refreshing native plugins compatible for Editor in 2.11 ms, found 4 plugins.
Preloading 0 native plugins for Editor in 0.00 ms.
Mono: successfully reloaded assembly
- Completed reload, in  2.185 seconds
Platform modules already initialized, skipping
========================================================================
Worker process is ready to serve import requests
Launched and connected shader compiler UnityShaderCompiler.exe after 0.10 seconds
Refreshing native plugins compatible for Editor in 5.72 ms, found 4 plugins.
Preloading 0 native plugins for Editor in 0.00 ms.
Unloading 2075 Unused Serialized files (Serialized files now loaded: 0)
System memory in use before: 132.0 MB.
System memory in use after: 129.7 MB.

Unloading 144 unused Assets to reduce memory usage. Loaded Objects now: 2428.
Total: 5.397900 ms (FindLiveObjects: 0.627300 ms CreateObjectMapping: 0.162500 ms MarkObjects: 2.205900 ms  DeleteObjects: 2.400200 ms)

========================================================================
Received Import Request.
  path: Assets/Scenes/Level 1.unity
  artifactKey: Guid(180655ee3b898674ab36f13d67d1fbd9) Importer(815301076,1909f56bfc062723c751e8b465ee728b)
Start importing Assets/Scenes/Level 1.unity using Guid(180655ee3b898674ab36f13d67d1fbd9) Importer(815301076,1909f56bfc062723c751e8b465ee728b)  -> (artifact id: '98d798f5b6718ea90dbcb73082ea406d') in 0.028777 seconds
  Import took 0.036142 seconds .

========================================================================
Received Import Request.
  Time since last request: 0.000337 seconds.
  path: Assets/Scenes/1.unity
  artifactKey: Guid(0707c0a2c62d70b488f00bf304c4cb60) Importer(815301076,1909f56bfc062723c751e8b465ee728b)
Start importing Assets/Scenes/1.unity using Guid(0707c0a2c62d70b488f00bf304c4cb60) Importer(815301076,1909f56bfc062723c751e8b465ee728b)  -> (artifact id: '6ea2ed1e06dc57ca55b2dce7b4418481') in 0.034883 seconds
  Import took 0.053230 seconds .

========================================================================
Received Import Request.
  Time since last request: 0.000351 seconds.
  path: Assets/Water.png
  artifactKey: Guid(fd9b81d689fde481d8ac393da20eb85a) Importer(815301076,1909f56bfc062723c751e8b465ee728b)
Start importing Assets/Water.png using Guid(fd9b81d689fde481d8ac393da20eb85a) Importer(815301076,1909f56bfc062723c751e8b465ee728b)  -> (artifact id: 'cd8f30e21cf3738d2f9816660ad41002') in 0.768437 seconds
  Import took 0.776832 seconds .

========================================================================
Received Import Request.
  Time since last request: 38.166305 seconds.
  path: Assets/Scenes/Level 2.unity
  artifactKey: Guid(39af131ae4b1145bfb44f14d0ef68707) Importer(815301076,1909f56bfc062723c751e8b465ee728b)
Start importing Assets/Scenes/Level 2.unity using Guid(39af131ae4b1145bfb44f14d0ef68707) Importer(815301076,1909f56bfc062723c751e8b465ee728b)  -> (artifact id: 'c947bf8378cd6a99fdf877bd16d70116') in 0.016477 seconds
  Import took 0.029650 seconds .

========================================================================
Received Import Request.
  Time since last request: 65.233401 seconds.
  path: Assets/Scenes/2.unity
  artifactKey: Guid(b5531ea9ae60d16468b42ae516bbe850) Importer(815301076,1909f56bfc062723c751e8b465ee728b)
Start importing Assets/Scenes/2.unity using Guid(b5531ea9ae60d16468b42ae516bbe850) Importer(815301076,1909f56bfc062723c751e8b465ee728b)  -> (artifact id: '994504e47111de130c99bb5696b5d310') in 0.045218 seconds
  Import took 0.052565 seconds .

========================================================================
Received Prepare
Registering precompiled user dll's ...
Registered in 0.019275 seconds.
Begin MonoManager ReloadAssembly
Native extension for WindowsStandalone target not found
Native extension for WebGL target not found
Refreshing native plugins compatible for Editor in 2.10 ms, found 4 plugins.
Preloading 0 native plugins for Editor in 0.00 ms.
Mono: successfully reloaded assembly
- Completed reload, in  1.713 seconds
Platform modules already initialized, skipping
Switching build target platform(19) subTarget(0) extendedPlatform(0) -> platform(13) subTarget(537395200) extendedPlatform(0)
Refreshing native plugins compatible for Editor in 2.08 ms, found 4 plugins.
Preloading 0 native plugins for Editor in 0.00 ms.
Unloading 1958 Unused Serialized files (Serialized files now loaded: 0)
System memory in use before: 120.7 MB.
System memory in use after: 118.5 MB.

Unloading 139 unused Assets to reduce memory usage. Loaded Objects now: 2437.
Total: 6.739200 ms (FindLiveObjects: 0.487500 ms CreateObjectMapping: 0.157200 ms MarkObjects: 3.327100 ms  DeleteObjects: 2.761800 ms)

AssetImportParameters requested are different than current active one (requested -> active):
  custom:graphics/normal-map-encoding: 01000000000000000000000000000000 -> 02000000000000000000000000000000
========================================================================
Received Prepare
Registering precompiled user dll's ...
Registered in 0.034057 seconds.
Begin MonoManager ReloadAssembly
Native extension for WindowsStandalone target not found
Native extension for WebGL target not found
Refreshing native plugins compatible for Editor in 1.95 ms, found 4 plugins.
Preloading 0 native plugins for Editor in 0.00 ms.
Mono: successfully reloaded assembly
- Completed reload, in  1.912 seconds
Platform modules already initialized, skipping
Switching build target platform(19) subTarget(0) extendedPlatform(0) -> platform(13) subTarget(537395200) extendedPlatform(0)
Refreshing native plugins compatible for Editor in 2.20 ms, found 4 plugins.
Preloading 0 native plugins for Editor in 0.00 ms.
Unloading 1958 Unused Serialized files (Serialized files now loaded: 0)
System memory in use before: 120.8 MB.
System memory in use after: 118.5 MB.

Unloading 139 unused Assets to reduce memory usage. Loaded Objects now: 2440.
Total: 4.951900 ms (FindLiveObjects: 0.488600 ms CreateObjectMapping: 0.151300 ms MarkObjects: 2.423300 ms  DeleteObjects: 1.886700 ms)

AssetImportParameters requested are different than current active one (requested -> active):
  custom:graphics/normal-map-encoding: 01000000000000000000000000000000 -> 02000000000000000000000000000000
========================================================================
Received Prepare
Registering precompiled user dll's ...
Registered in 0.020779 seconds.
Begin MonoManager ReloadAssembly
Native extension for WindowsStandalone target not found
Native extension for WebGL target not found
Refreshing native plugins compatible for Editor in 1.98 ms, found 4 plugins.
Preloading 0 native plugins for Editor in 0.00 ms.
Mono: successfully reloaded assembly
- Completed reload, in  1.982 seconds
Platform modules already initialized, skipping
Switching build target platform(19) subTarget(0) extendedPlatform(0) -> platform(13) subTarget(537395200) extendedPlatform(0)
Refreshing native plugins compatible for Editor in 1.93 ms, found 4 plugins.
Preloading 0 native plugins for Editor in 0.00 ms.
Unloading 1958 Unused Serialized files (Serialized files now loaded: 0)
System memory in use before: 120.8 MB.
System memory in use after: 118.5 MB.

Unloading 139 unused Assets to reduce memory usage. Loaded Objects now: 2443.
Total: 5.155300 ms (FindLiveObjects: 0.520200 ms CreateObjectMapping: 0.140400 ms MarkObjects: 2.270300 ms  DeleteObjects: 2.222000 ms)

AssetImportParameters requested are different than current active one (requested -> active):
  custom:graphics/normal-map-encoding: 01000000000000000000000000000000 -> 02000000000000000000000000000000
========================================================================
Received Prepare
Registering precompiled user dll's ...
Registered in 0.019171 seconds.
Begin MonoManager ReloadAssembly
Native extension for WindowsStandalone target not found
Native extension for WebGL target not found
Refreshing native plugins compatible for Editor in 2.60 ms, found 4 plugins.
Preloading 0 native plugins for Editor in 0.00 ms.
Mono: successfully reloaded assembly
- Completed reload, in  1.751 seconds
Platform modules already initialized, skipping
Switching build target platform(19) subTarget(0) extendedPlatform(0) -> platform(13) subTarget(537395200) extendedPlatform(0)
Refreshing native plugins compatible for Editor in 2.11 ms, found 4 plugins.
Preloading 0 native plugins for Editor in 0.00 ms.
Unloading 1958 Unused Serialized files (Serialized files now loaded: 0)
System memory in use before: 120.8 MB.
System memory in use after: 118.5 MB.

Unloading 139 unused Assets to reduce memory usage. Loaded Objects now: 2446.
Total: 18.542300 ms (FindLiveObjects: 0.869300 ms CreateObjectMapping: 0.180000 ms MarkObjects: 2.604400 ms  DeleteObjects: 14.886800 ms)

AssetImportParameters requested are different than current active one (requested -> active):
  custom:graphics/normal-map-encoding: 01000000000000000000000000000000 -> 02000000000000000000000000000000
========================================================================
Received Import Request.
  Time since last request: 276.179739 seconds.
  path: Assets/Scenes/Level 3.unity
  artifactKey: Guid(b0d0d9b663de5477f8360763a54abd84) Importer(815301076,1909f56bfc062723c751e8b465ee728b)
Start importing Assets/Scenes/Level 3.unity using Guid(b0d0d9b663de5477f8360763a54abd84) Importer(815301076,1909f56bfc062723c751e8b465ee728b)  -> (artifact id: 'bf458e55dc6801c4f0b672a8bcc91fb1') in 0.031768 seconds
  Import took 0.039478 seconds .

========================================================================
Received Prepare
Registering precompiled user dll's ...
Registered in 0.049367 seconds.
Begin MonoManager ReloadAssembly
Native extension for WindowsStandalone target not found
Native extension for WebGL target not found
Refreshing native plugins compatible for Editor in 2.16 ms, found 4 plugins.
Preloading 0 native plugins for Editor in 0.00 ms.
Mono: successfully reloaded assembly
- Completed reload, in  3.501 seconds
Platform modules already initialized, skipping
Switching build target platform(19) subTarget(0) extendedPlatform(0) -> platform(13) subTarget(537395200) extendedPlatform(0)
Refreshing native plugins compatible for Editor in 100.07 ms, found 4 plugins.
Preloading 0 native plugins for Editor in 0.00 ms.
Unloading 1958 Unused Serialized files (Serialized files now loaded: 0)
System memory in use before: 120.8 MB.
System memory in use after: 118.5 MB.

Unloading 139 unused Assets to reduce memory usage. Loaded Objects now: 2449.
Total: 20.938200 ms (FindLiveObjects: 12.485200 ms CreateObjectMapping: 0.702600 ms MarkObjects: 4.406600 ms  DeleteObjects: 3.340900 ms)

AssetImportParameters requested are different than current active one (requested -> active):
  custom:graphics/normal-map-encoding: 01000000000000000000000000000000 -> 02000000000000000000000000000000
========================================================================
Received Import Request.
  Time since last request: 35.550131 seconds.
  path: Assets/Scenes/Level 4.unity
  artifactKey: Guid(8e18434820bcf48b1995e5ec3b635293) Importer(815301076,1909f56bfc062723c751e8b465ee728b)
Start importing Assets/Scenes/Level 4.unity using Guid(8e18434820bcf48b1995e5ec3b635293) Importer(815301076,1909f56bfc062723c751e8b465ee728b)  -> (artifact id: 'fb8d3bffd23dbff9d73639e44c5656f2') in 0.032633 seconds
  Import took 0.040424 seconds .

========================================================================
Received Prepare
Registering precompiled user dll's ...
Registered in 0.037638 seconds.
Begin MonoManager ReloadAssembly
Native extension for WindowsStandalone target not found
Native extension for WebGL target not found
Refreshing native plugins compatible for Editor in 2.27 ms, found 4 plugins.
Preloading 0 native plugins for Editor in 0.00 ms.
Mono: successfully reloaded assembly
- Completed reload, in  2.545 seconds
Platform modules already initialized, skipping
Switching build target platform(19) subTarget(0) extendedPlatform(0) -> platform(13) subTarget(537395200) extendedPlatform(0)
Refreshing native plugins compatible for Editor in 3.91 ms, found 4 plugins.
Preloading 0 native plugins for Editor in 0.00 ms.
Unloading 1958 Unused Serialized files (Serialized files now loaded: 0)
System memory in use before: 120.8 MB.
System memory in use after: 118.6 MB.

Unloading 139 unused Assets to reduce memory usage. Loaded Objects now: 2452.
Total: 5.814900 ms (FindLiveObjects: 0.375600 ms CreateObjectMapping: 0.180200 ms MarkObjects: 2.983900 ms  DeleteObjects: 2.273700 ms)

AssetImportParameters requested are different than current active one (requested -> active):
  custom:graphics/normal-map-encoding: 01000000000000000000000000000000 -> 02000000000000000000000000000000
========================================================================
Received Prepare
Registering precompiled user dll's ...
Registered in 0.031880 seconds.
Begin MonoManager ReloadAssembly
Native extension for WindowsStandalone target not found
Native extension for WebGL target not found
Refreshing native plugins compatible for Editor in 2.71 ms, found 4 plugins.
Preloading 0 native plugins for Editor in 0.00 ms.
Mono: successfully reloaded assembly
- Completed reload, in  2.452 seconds
Platform modules already initialized, skipping
Switching build target platform(19) subTarget(0) extendedPlatform(0) -> platform(13) subTarget(537395200) extendedPlatform(0)
Refreshing native plugins compatible for Editor in 2.32 ms, found 4 plugins.
Preloading 0 native plugins for Editor in 0.00 ms.
Unloading 1958 Unused Serialized files (Serialized files now loaded: 0)
System memory in use before: 120.9 MB.
System memory in use after: 118.6 MB.

Unloading 139 unused Assets to reduce memory usage. Loaded Objects now: 2455.
Total: 5.805300 ms (FindLiveObjects: 0.568200 ms CreateObjectMapping: 0.198700 ms MarkObjects: 2.787700 ms  DeleteObjects: 2.241300 ms)

AssetImportParameters requested are different than current active one (requested -> active):
  custom:graphics/normal-map-encoding: 01000000000000000000000000000000 -> 02000000000000000000000000000000
========================================================================
Received Import Request.
  Time since last request: 99.132487 seconds.
  path: Assets/Scenes/Level 5.unity
  artifactKey: Guid(86ebe51bdf64445339e5041e83b62f92) Importer(815301076,1909f56bfc062723c751e8b465ee728b)
Start importing Assets/Scenes/Level 5.unity using Guid(86ebe51bdf64445339e5041e83b62f92) Importer(815301076,1909f56bfc062723c751e8b465ee728b)  -> (artifact id: '2c7f466221c75420ffee7340c83ce0b4') in 0.031633 seconds
  Import took 0.040175 seconds .

========================================================================
Received Prepare
Registering precompiled user dll's ...
Registered in 0.029671 seconds.
Begin MonoManager ReloadAssembly
Native extension for WindowsStandalone target not found
Native extension for WebGL target not found
Refreshing native plugins compatible for Editor in 1.92 ms, found 4 plugins.
Preloading 0 native plugins for Editor in 0.00 ms.
Mono: successfully reloaded assembly
- Completed reload, in  1.844 seconds
Platform modules already initialized, skipping
Switching build target platform(19) subTarget(0) extendedPlatform(0) -> platform(13) subTarget(537395200) extendedPlatform(0)
Refreshing native plugins compatible for Editor in 3.19 ms, found 4 plugins.
Preloading 0 native plugins for Editor in 0.00 ms.
Unloading 1958 Unused Serialized files (Serialized files now loaded: 0)
System memory in use before: 120.9 MB.
System memory in use after: 118.6 MB.

Unloading 139 unused Assets to reduce memory usage. Loaded Objects now: 2458.
Total: 5.778500 ms (FindLiveObjects: 0.411800 ms CreateObjectMapping: 0.141100 ms MarkObjects: 2.915300 ms  DeleteObjects: 2.308700 ms)

AssetImportParameters requested are different than current active one (requested -> active):
  custom:graphics/normal-map-encoding: 01000000000000000000000000000000 -> 02000000000000000000000000000000
========================================================================
Received Prepare
Registering precompiled user dll's ...
Registered in 0.032095 seconds.
Begin MonoManager ReloadAssembly
Native extension for WindowsStandalone target not found
Native extension for WebGL target not found
Refreshing native plugins compatible for Editor in 3.13 ms, found 4 plugins.
Preloading 0 native plugins for Editor in 0.00 ms.
Mono: successfully reloaded assembly
- Completed reload, in  1.925 seconds
Platform modules already initialized, skipping
Switching build target platform(19) subTarget(0) extendedPlatform(0) -> platform(13) subTarget(537395200) extendedPlatform(0)
Refreshing native plugins compatible for Editor in 1.97 ms, found 4 plugins.
Preloading 0 native plugins for Editor in 0.00 ms.
Unloading 1958 Unused Serialized files (Serialized files now loaded: 0)
System memory in use before: 120.9 MB.
System memory in use after: 118.6 MB.

Unloading 139 unused Assets to reduce memory usage. Loaded Objects now: 2461.
Total: 5.134500 ms (FindLiveObjects: 0.265800 ms CreateObjectMapping: 0.112000 ms MarkObjects: 2.107000 ms  DeleteObjects: 2.648400 ms)

AssetImportParameters requested are different than current active one (requested -> active):
  custom:graphics/normal-map-encoding: 01000000000000000000000000000000 -> 02000000000000000000000000000000
========================================================================
Received Import Request.
  Time since last request: 148.424298 seconds.
  path: Assets/Scenes/Level 6.unity
  artifactKey: Guid(200a5ac2b91dd4707a5dfa09d4b6d6a6) Importer(815301076,1909f56bfc062723c751e8b465ee728b)
Start importing Assets/Scenes/Level 6.unity using Guid(200a5ac2b91dd4707a5dfa09d4b6d6a6) Importer(815301076,1909f56bfc062723c751e8b465ee728b)  -> (artifact id: '7426098ea712d3f13c5c59bb9d8cbaab') in 0.025649 seconds
  Import took 0.032616 seconds .

========================================================================
Received Prepare
Registering precompiled user dll's ...
Registered in 0.021826 seconds.
Begin MonoManager ReloadAssembly
Native extension for WindowsStandalone target not found
Native extension for WebGL target not found
Refreshing native plugins compatible for Editor in 2.11 ms, found 4 plugins.
Preloading 0 native plugins for Editor in 0.00 ms.
Mono: successfully reloaded assembly
- Completed reload, in  1.782 seconds
Platform modules already initialized, skipping
Switching build target platform(19) subTarget(0) extendedPlatform(0) -> platform(13) subTarget(537395200) extendedPlatform(0)
Refreshing native plugins compatible for Editor in 2.08 ms, found 4 plugins.
Preloading 0 native plugins for Editor in 0.00 ms.
Unloading 1958 Unused Serialized files (Serialized files now loaded: 0)
System memory in use before: 120.9 MB.
System memory in use after: 118.6 MB.

Unloading 139 unused Assets to reduce memory usage. Loaded Objects now: 2464.
Total: 5.319900 ms (FindLiveObjects: 0.272600 ms CreateObjectMapping: 0.103200 ms MarkObjects: 2.158600 ms  DeleteObjects: 2.784100 ms)

AssetImportParameters requested are different than current active one (requested -> active):
  custom:graphics/normal-map-encoding: 01000000000000000000000000000000 -> 02000000000000000000000000000000
========================================================================
Received Prepare
Registering precompiled user dll's ...
Registered in 0.041253 seconds.
Begin MonoManager ReloadAssembly
Native extension for WindowsStandalone target not found
Native extension for WebGL target not found
Refreshing native plugins compatible for Editor in 2.87 ms, found 4 plugins.
Preloading 0 native plugins for Editor in 0.00 ms.
Mono: successfully reloaded assembly
- Completed reload, in  2.590 seconds
Platform modules already initialized, skipping
Switching build target platform(19) subTarget(0) extendedPlatform(0) -> platform(13) subTarget(537395200) extendedPlatform(0)
Refreshing native plugins compatible for Editor in 9.14 ms, found 4 plugins.
Preloading 0 native plugins for Editor in 0.00 ms.
Unloading 1958 Unused Serialized files (Serialized files now loaded: 0)
System memory in use before: 120.9 MB.
System memory in use after: 118.6 MB.

Unloading 139 unused Assets to reduce memory usage. Loaded Objects now: 2467.
Total: 22.924800 ms (FindLiveObjects: 0.267600 ms CreateObjectMapping: 0.119900 ms MarkObjects: 4.559400 ms  DeleteObjects: 17.975200 ms)

AssetImportParameters requested are different than current active one (requested -> active):
  custom:graphics/normal-map-encoding: 01000000000000000000000000000000 -> 02000000000000000000000000000000
========================================================================
Received Import Request.
  Time since last request: 256.784751 seconds.
  path: Assets/Scripts/Player/PlayerInitializer.cs
  artifactKey: Guid(f1daec15b0fc4118b1255876f3492329) Importer(815301076,1909f56bfc062723c751e8b465ee728b)
Start importing Assets/Scripts/Player/PlayerInitializer.cs using Guid(f1daec15b0fc4118b1255876f3492329) Importer(815301076,1909f56bfc062723c751e8b465ee728b)  -> (artifact id: '2427c873d10fd680c70c52ad995ab308') in 0.050832 seconds
  Import took 0.061014 seconds .

AssetImportWorkerClient::OnTransportError - code=2 error=End of file
